<?xml version="1.0" encoding="UTF-8"?>
<!-- Generated by org.testng.reporters.JUnitReportReporter -->
<testsuite hostname="SSNakate" failures="0" tests="3" name="hybridframework.tests.SubmitOrderTest" time="29.891" errors="0" timestamp="2023-09-15T14:32:17 IST" skipped="0">
  <testcase classname="hybridframework.tests.SubmitOrderTest" name="submitOrder" time="14.939"/>
  <system-out/>
  <testcase classname="hybridframework.tests.SubmitOrderTest" name="submitOrder" time="9.041"/>
  <system-out/>
  <testcase classname="hybridframework.tests.SubmitOrderTest" name="ordeHistoryTest" time="5.911"/>
  <system-out/>
</testsuite> <!-- hybridframework.tests.SubmitOrderTest -->
