<?xml version="1.0" encoding="UTF-8"?>
<!-- Generated by org.testng.reporters.JUnitReportReporter -->
<testsuite hostname="SSNakate" failures="0" tests="1" name="hybridframework.tests.ErrorValidationsTest" time="5.435" errors="0" timestamp="2023-08-25T09:46:06 IST" skipped="0">
  <testcase classname="hybridframework.tests.ErrorValidationsTest" name="loginErrorValidation" time="5.435"/>
  <system-out/>
</testsuite> <!-- hybridframework.tests.ErrorValidationsTest -->
